{"contracts/domainRegistry.sol":{"l":{"20":19,"21":19,"22":19,"24":125,"25":4,"27":121,"30":19,"34":16,"35":16,"36":88,"37":88,"38":88,"39":9,"42":7,"46":19,"47":16,"48":7,"52":18,"53":17,"57":3,"58":2,"62":5,"63":4,"67":4,"71":2,"72":1,"73":1,"74":1,"75":1},"path":"/Users/ostapenkokostya/work/web3/solidity-robot-dreams/contracts/domainRegistry.sol","s":{"1":19,"2":19,"3":19,"4":125,"5":19,"6":16,"7":16,"8":88,"9":88,"10":88,"11":9,"12":7,"13":19,"14":16,"15":18,"16":3,"17":5,"18":4,"19":2,"20":1,"21":1,"22":1},"b":{"1":[4,121],"2":[9,79],"3":[9,0],"4":[16,3],"5":[7,9],"6":[17,1],"7":[2,1],"8":[17,1],"9":[5,12],"10":[4,1],"11":[2,1],"12":[2,0],"13":[1,1]},"f":{"1":19,"2":16,"3":19,"4":18,"5":3,"6":5,"7":2},"fnMap":{"1":{"name":"toLower","line":18,"loc":{"start":{"line":18,"column":4},"end":{"line":31,"column":4}}},"2":{"name":"containsSpecialChars","line":33,"loc":{"start":{"line":33,"column":4},"end":{"line":43,"column":4}}},"3":{"name":"checkDomainNameToLowerCase","line":45,"loc":{"start":{"line":45,"column":4},"end":{"line":49,"column":4}}},"4":{"name":"domainNotRegistered","line":51,"loc":{"start":{"line":51,"column":4},"end":{"line":54,"column":4}}},"5":{"name":"domainRegistered","line":56,"loc":{"start":{"line":56,"column":4},"end":{"line":59,"column":4}}},"6":{"name":"registerDomain","line":61,"loc":{"start":{"line":61,"column":4},"end":{"line":68,"column":4}}},"7":{"name":"releaseDomain","line":70,"loc":{"start":{"line":70,"column":4},"end":{"line":76,"column":4}}}},"statementMap":{"1":{"start":{"line":20,"column":8},"end":{"line":20,"column":39}},"2":{"start":{"line":21,"column":8},"end":{"line":21,"column":52}},"3":{"start":{"line":22,"column":8},"end":{"line":22,"column":687}},"4":{"start":{"line":24,"column":12},"end":{"line":24,"column":779}},"5":{"start":{"line":30,"column":8},"end":{"line":30,"column":29}},"6":{"start":{"line":34,"column":8},"end":{"line":34,"column":46}},"7":{"start":{"line":35,"column":8},"end":{"line":35,"column":1150}},"8":{"start":{"line":36,"column":12},"end":{"line":36,"column":49}},"9":{"start":{"line":37,"column":12},"end":{"line":37,"column":56}},"10":{"start":{"line":38,"column":12},"end":{"line":38,"column":1323}},"11":{"start":{"line":39,"column":16},"end":{"line":39,"column":27}},"12":{"start":{"line":42,"column":8},"end":{"line":42,"column":20}},"13":{"start":{"line":46,"column":8},"end":{"line":46,"column":144}},"14":{"start":{"line":47,"column":8},"end":{"line":47,"column":103}},"15":{"start":{"line":52,"column":8},"end":{"line":52,"column":87}},"16":{"start":{"line":57,"column":8},"end":{"line":57,"column":83}},"17":{"start":{"line":62,"column":8},"end":{"line":62,"column":75}},"18":{"start":{"line":67,"column":8},"end":{"line":67,"column":64}},"19":{"start":{"line":71,"column":8},"end":{"line":71,"column":96}},"20":{"start":{"line":72,"column":8},"end":{"line":72,"column":53}},"21":{"start":{"line":73,"column":8},"end":{"line":73,"column":44}},"22":{"start":{"line":75,"column":8},"end":{"line":75,"column":60}}},"branchMap":{"1":{"line":24,"type":"if","locations":[{"start":{"line":24,"column":12},"end":{"line":24,"column":12}},{"start":{"line":24,"column":12},"end":{"line":24,"column":12}}]},"2":{"line":38,"type":"if","locations":[{"start":{"line":38,"column":12},"end":{"line":38,"column":12}},{"start":{"line":38,"column":12},"end":{"line":38,"column":12}}]},"3":{"line":38,"type":"cond-expr","locations":[{"start":{"line":38,"column":17},"end":{"line":38,"column":29}},{"start":{"line":38,"column":34},"end":{"line":38,"column":47}}]},"4":{"line":46,"type":"if","locations":[{"start":{"line":46,"column":8},"end":{"line":46,"column":8}},{"start":{"line":46,"column":8},"end":{"line":46,"column":8}}]},"5":{"line":47,"type":"if","locations":[{"start":{"line":47,"column":8},"end":{"line":47,"column":8}},{"start":{"line":47,"column":8},"end":{"line":47,"column":8}}]},"6":{"line":52,"type":"if","locations":[{"start":{"line":52,"column":8},"end":{"line":52,"column":8}},{"start":{"line":52,"column":8},"end":{"line":52,"column":8}}]},"7":{"line":57,"type":"if","locations":[{"start":{"line":57,"column":8},"end":{"line":57,"column":8}},{"start":{"line":57,"column":8},"end":{"line":57,"column":8}}]},"8":{"line":61,"type":"if","locations":[{"start":{"line":61,"column":71},"end":{"line":61,"column":71}},{"start":{"line":61,"column":71},"end":{"line":61,"column":71}}]},"9":{"line":61,"type":"if","locations":[{"start":{"line":61,"column":103},"end":{"line":61,"column":103}},{"start":{"line":61,"column":103},"end":{"line":61,"column":103}}]},"10":{"line":62,"type":"if","locations":[{"start":{"line":62,"column":8},"end":{"line":62,"column":8}},{"start":{"line":62,"column":8},"end":{"line":62,"column":8}}]},"11":{"line":70,"type":"if","locations":[{"start":{"line":70,"column":62},"end":{"line":70,"column":62}},{"start":{"line":70,"column":62},"end":{"line":70,"column":62}}]},"12":{"line":70,"type":"if","locations":[{"start":{"line":70,"column":91},"end":{"line":70,"column":91}},{"start":{"line":70,"column":91},"end":{"line":70,"column":91}}]},"13":{"line":71,"type":"if","locations":[{"start":{"line":71,"column":8},"end":{"line":71,"column":8}},{"start":{"line":71,"column":8},"end":{"line":71,"column":8}}]}}}}