{
"contracts/domainRegistry.sol":{"l":{"19":19,"20":19,"21":19,"23":125,"24":4,"26":121,"29":19,"33":16,"34":16,"35":88,"36":88,"37":9,"40":7,"44":19,"45":16,"46":7,"50":18,"51":17,"55":3,"56":2,"60":5,"61":4,"65":4,"69":2,"70":1,"71":1,"72":1,"73":1},"path":"/Users/ostapenkokostya/work/web3/solidity-robot-dreams/contracts/domainRegistry.sol","s":{"1":19,"2":19,"3":19,"4":125,"5":19,"6":16,"7":16,"8":88,"9":88,"10":9,"11":7,"12":19,"13":16,"14":18,"15":3,"16":5,"17":4,"18":2,"19":1,"20":1,"21":1},"b":{"1":[4,121],"2":[9,79],"3":[9,0],"4":[16,3],"5":[7,9],"6":[17,1],"7":[2,1],"8":[17,1],"9":[5,12],"10":[4,1],"11":[2,1],"12":[2,0],"13":[1,1]},"f":{"1":19,"2":16,"3":19,"4":18,"5":3,"6":5,"7":2},"fnMap":{"1":{"name":"toLower","line":17,"loc":{"start":{"line":17,"column":4},"end":{"line":30,"column":4}}},"2":{"name":"containsSpecialChars","line":32,"loc":{"start":{"line":32,"column":4},"end":{"line":41,"column":4}}},"3":{"name":"checkDomainNameToLowerCase","line":43,"loc":{"start":{"line":43,"column":4},"end":{"line":47,"column":4}}},"4":{"name":"domainNotRegistered","line":49,"loc":{"start":{"line":49,"column":4},"end":{"line":52,"column":4}}},"5":{"name":"domainRegistered","line":54,"loc":{"start":{"line":54,"column":4},"end":{"line":57,"column":4}}},"6":{"name":"registerDomain","line":59,"loc":{"start":{"line":59,"column":4},"end":{"line":66,"column":4}}},"7":{"name":"releaseDomain","line":68,"loc":{"start":{"line":68,"column":4},"end":{"line":74,"column":4}}}},"statementMap":{"1":{"start":{"line":19,"column":8},"end":{"line":19,"column":39}},"2":{"start":{"line":20,"column":8},"end":{"line":20,"column":52}},"3":{"start":{"line":21,"column":8},"end":{"line":21,"column":657}},"4":{"start":{"line":23,"column":12},"end":{"line":23,"column":749}},"5":{"start":{"line":29,"column":8},"end":{"line":29,"column":29}},"6":{"start":{"line":33,"column":8},"end":{"line":33,"column":46}},"7":{"start":{"line":34,"column":8},"end":{"line":34,"column":1120}},"8":{"start":{"line":35,"column":12},"end":{"line":35,"column":49}},"9":{"start":{"line":36,"column":12},"end":{"line":36,"column":1234}},"10":{"start":{"line":37,"column":16},"end":{"line":37,"column":27}},"11":{"start":{"line":40,"column":8},"end":{"line":40,"column":20}},"12":{"start":{"line":44,"column":8},"end":{"line":44,"column":144}},"13":{"start":{"line":45,"column":8},"end":{"line":45,"column":103}},"14":{"start":{"line":50,"column":8},"end":{"line":50,"column":87}},"15":{"start":{"line":55,"column":8},"end":{"line":55,"column":83}},"16":{"start":{"line":60,"column":8},"end":{"line":60,"column":75}},"17":{"start":{"line":65,"column":8},"end":{"line":65,"column":64}},"18":{"start":{"line":69,"column":8},"end":{"line":69,"column":96}},"19":{"start":{"line":70,"column":8},"end":{"line":70,"column":53}},"20":{"start":{"line":71,"column":8},"end":{"line":71,"column":44}},"21":{"start":{"line":73,"column":8},"end":{"line":73,"column":60}}},"branchMap":{"1":{"line":23,"type":"if","locations":[{"start":{"line":23,"column":12},"end":{"line":23,"column":12}},{"start":{"line":23,"column":12},"end":{"line":23,"column":12}}]},"2":{"line":36,"type":"if","locations":[{"start":{"line":36,"column":12},"end":{"line":36,"column":12}},{"start":{"line":36,"column":12},"end":{"line":36,"column":12}}]},"3":{"line":36,"type":"cond-expr","locations":[{"start":{"line":36,"column":17},"end":{"line":36,"column":29}},{"start":{"line":36,"column":34},"end":{"line":36,"column":47}}]},"4":{"line":44,"type":"if","locations":[{"start":{"line":44,"column":8},"end":{"line":44,"column":8}},{"start":{"line":44,"column":8},"end":{"line":44,"column":8}}]},"5":{"line":45,"type":"if","locations":[{"start":{"line":45,"column":8},"end":{"line":45,"column":8}},{"start":{"line":45,"column":8},"end":{"line":45,"column":8}}]},"6":{"line":50,"type":"if","locations":[{"start":{"line":50,"column":8},"end":{"line":50,"column":8}},{"start":{"line":50,"column":8},"end":{"line":50,"column":8}}]},"7":{"line":55,"type":"if","locations":[{"start":{"line":55,"column":8},"end":{"line":55,"column":8}},{"start":{"line":55,"column":8},"end":{"line":55,"column":8}}]},"8":{"line":59,"type":"if","locations":[{"start":{"line":59,"column":71},"end":{"line":59,"column":71}},{"start":{"line":59,"column":71},"end":{"line":59,"column":71}}]},"9":{"line":59,"type":"if","locations":[{"start":{"line":59,"column":103},"end":{"line":59,"column":103}},{"start":{"line":59,"column":103},"end":{"line":59,"column":103}}]},"10":{"line":60,"type":"if","locations":[{"start":{"line":60,"column":8},"end":{"line":60,"column":8}},{"start":{"line":60,"column":8},"end":{"line":60,"column":8}}]},"11":{"line":68,"type":"if","locations":[{"start":{"line":68,"column":62},"end":{"line":68,"column":62}},{"start":{"line":68,"column":62},"end":{"line":68,"column":62}}]},"12":{"line":68,"type":"if","locations":[{"start":{"line":68,"column":91},"end":{"line":68,"column":91}},{"start":{"line":68,"column":91},"end":{"line":68,"column":91}}]},"13":{"line":69,"type":"if","locations":[{"start":{"line":69,"column":8},"end":{"line":69,"column":8}},{"start":{"line":69,"column":8},"end":{"line":69,"column":8}}]}}}}
