TN:
SF:/Users/ostapenkokostya/work/web3/solidity-robot-dreams/contracts/domainRegistry.sol
FN:18,toLower
FN:33,containsSpecialChars
FN:45,checkDomainNameToLowerCase
FN:51,domainNotRegistered
FN:56,domainRegistered
FN:61,registerDomain
FN:70,releaseDomain
FNF:7
FNH:7
FNDA:19,toLower
FNDA:16,containsSpecialChars
FNDA:19,checkDomainNameToLowerCase
FNDA:18,domainNotRegistered
FNDA:3,domainRegistered
FNDA:5,registerDomain
FNDA:2,releaseDomain
DA:20,19
DA:21,19
DA:22,19
DA:24,125
DA:25,4
DA:27,121
DA:30,19
DA:34,16
DA:35,16
DA:36,88
DA:37,88
DA:38,88
DA:39,9
DA:42,7
DA:46,19
DA:47,16
DA:48,7
DA:52,18
DA:53,17
DA:57,3
DA:58,2
DA:62,5
DA:63,4
DA:67,4
DA:71,2
DA:72,1
DA:73,1
DA:74,1
DA:75,1
LF:29
LH:29
BRDA:24,1,0,4
BRDA:24,1,1,121
BRDA:38,2,0,9
BRDA:38,2,1,79
BRDA:38,3,0,9
BRDA:38,3,1,0
BRDA:46,4,0,16
BRDA:46,4,1,3
BRDA:47,5,0,7
BRDA:47,5,1,9
BRDA:52,6,0,17
BRDA:52,6,1,1
BRDA:57,7,0,2
BRDA:57,7,1,1
BRDA:61,8,0,17
BRDA:61,8,1,1
BRDA:61,9,0,5
BRDA:61,9,1,12
BRDA:62,10,0,4
BRDA:62,10,1,1
BRDA:70,11,0,2
BRDA:70,11,1,1
BRDA:70,12,0,2
BRDA:70,12,1,0
BRDA:71,13,0,1
BRDA:71,13,1,1
BRF:26
BRH:24
end_of_record
