TN:
SF:/Users/ostapenkokostya/work/web3/solidity-robot-dreams/contracts/domainRegistry.sol
FN:17,toLower
FN:32,containsSpecialChars
FN:43,checkDomainNameToLowerCase
FN:49,domainNotRegistered
FN:54,domainRegistered
FN:59,registerDomain
FN:68,releaseDomain
FNF:7
FNH:7
FNDA:19,toLower
FNDA:16,containsSpecialChars
FNDA:19,checkDomainNameToLowerCase
FNDA:18,domainNotRegistered
FNDA:3,domainRegistered
FNDA:5,registerDomain
FNDA:2,releaseDomain
DA:19,19
DA:20,19
DA:21,19
DA:23,125
DA:24,4
DA:26,121
DA:29,19
DA:33,16
DA:34,16
DA:35,88
DA:36,88
DA:37,9
DA:40,7
DA:44,19
DA:45,16
DA:46,7
DA:50,18
DA:51,17
DA:55,3
DA:56,2
DA:60,5
DA:61,4
DA:65,4
DA:69,2
DA:70,1
DA:71,1
DA:72,1
DA:73,1
LF:28
LH:28
BRDA:23,1,0,4
BRDA:23,1,1,121
BRDA:36,2,0,9
BRDA:36,2,1,79
BRDA:36,3,0,9
BRDA:36,3,1,0
BRDA:44,4,0,16
BRDA:44,4,1,3
BRDA:45,5,0,7
BRDA:45,5,1,9
BRDA:50,6,0,17
BRDA:50,6,1,1
BRDA:55,7,0,2
BRDA:55,7,1,1
BRDA:59,8,0,17
BRDA:59,8,1,1
BRDA:59,9,0,5
BRDA:59,9,1,12
BRDA:60,10,0,4
BRDA:60,10,1,1
BRDA:68,11,0,2
BRDA:68,11,1,1
BRDA:68,12,0,2
BRDA:68,12,1,0
BRDA:69,13,0,1
BRDA:69,13,1,1
BRF:26
BRH:24
end_of_record
